<?xml version="1.0" encoding="UTF-8"?>
<!-- Generated by org.testng.reporters.JUnitReportReporter -->
<testsuite hostname="DESKTOP-SJF7TQJ" failures="0" tests="1" name="com.noorteck.qa.tests.LoginPageTest" time="17.613" errors="0" timestamp="2020-07-11T12:13:31 EDT" skipped="0">
  <testcase classname="com.noorteck.qa.tests.LoginPageTest" name="testOne" time="17.613"/>
  <system-out/>
</testsuite> <!-- com.noorteck.qa.tests.LoginPageTest -->
