<?xml version="1.0" encoding="UTF-8"?>
<!-- Generated by org.testng.reporters.JUnitReportReporter -->
<testsuite hostname="DESKTOP-SJF7TQJ" failures="0" tests="1" name="com.noorteck.qa.tests.DashBoardPageTest" time="20.108" errors="0" timestamp="2020-07-09T07:32:54 EDT" skipped="0">
  <testcase classname="com.noorteck.qa.tests.DashBoardPageTest" name="jobTitleColumnTest" time="20.108"/>
  <system-out/>
</testsuite> <!-- com.noorteck.qa.tests.DashBoardPageTest -->
