<?xml version="1.0" encoding="UTF-8"?>
<!-- Generated by org.testng.reporters.JUnitReportReporter -->
<testsuite hostname="DESKTOP-SJF7TQJ" failures="0" tests="2" name="com.noorteck.qa.tests.SalaryComponentTest" time="55.017" errors="0" timestamp="2020-07-14T20:17:22 EDT" skipped="0">
  <testcase classname="com.noorteck.qa.tests.SalaryComponentTest" name="addSalaryTest" time="26.525"/>
  <system-out/>
  <testcase classname="com.noorteck.qa.tests.SalaryComponentTest" name="addSalaryTest2" time="28.492"/>
  <system-out/>
</testsuite> <!-- com.noorteck.qa.tests.SalaryComponentTest -->
