<?xml version="1.0" encoding="UTF-8"?>
<!-- Generated by org.testng.reporters.JUnitReportReporter -->
<testsuite hostname="DESKTOP-SJF7TQJ" failures="0" tests="1" name="com.noorteck.qa.tests.DashboardTest" time="19.867" errors="0" timestamp="2020-07-12T11:19:38 EDT" skipped="0">
  <testcase classname="com.noorteck.qa.tests.DashboardTest" name="signOutTest" time="19.867"/>
  <system-out/>
</testsuite> <!-- com.noorteck.qa.tests.DashboardTest -->
